<?xml version="1.0" encoding="UTF-8"?>
<testsuite xmlns:xsi="http://www.w3.org/2001/XMLSchema-instance" xsi:noNamespaceSchemaLocation="https://maven.apache.org/surefire/maven-surefire-plugin/xsd/surefire-test-report.xsd" name="TestSuite" time="18.824" tests="1" errors="0" skipped="0" failures="1">
  <properties>
    <property name="gopherProxySet" value="false"/>
    <property name="awt.toolkit" value="sun.lwawt.macosx.LWCToolkit"/>
    <property name="file.encoding.pkg" value="sun.io"/>
    <property name="java.specification.version" value="1.8"/>
    <property name="sun.cpu.isalist" value=""/>
    <property name="sun.jnu.encoding" value="UTF-8"/>
    <property name="java.class.path" value="/Users/nagarjuna/Desktop/Automation-Evaluation/Restassured-WE/target/test-classes:/Users/nagarjuna/Desktop/Automation-Evaluation/Restassured-WE/target/classes:/Users/nagarjuna/.m2/repository/io/rest-assured/rest-assured/3.1.1/rest-assured-3.1.1.jar:/Users/nagarjuna/.m2/repository/org/codehaus/groovy/groovy/2.4.12/groovy-2.4.12.jar:/Users/nagarjuna/.m2/repository/org/codehaus/groovy/groovy-xml/2.4.12/groovy-xml-2.4.12.jar:/Users/nagarjuna/.m2/repository/org/apache/httpcomponents/httpclient/4.5.3/httpclient-4.5.3.jar:/Users/nagarjuna/.m2/repository/org/apache/httpcomponents/httpcore/4.4.6/httpcore-4.4.6.jar:/Users/nagarjuna/.m2/repository/commons-logging/commons-logging/1.2/commons-logging-1.2.jar:/Users/nagarjuna/.m2/repository/commons-codec/commons-codec/1.9/commons-codec-1.9.jar:/Users/nagarjuna/.m2/repository/org/apache/httpcomponents/httpmime/4.5.1/httpmime-4.5.1.jar:/Users/nagarjuna/.m2/repository/org/hamcrest/hamcrest-core/1.3/hamcrest-core-1.3.jar:/Users/nagarjuna/.m2/repository/org/hamcrest/hamcrest-library/1.3/hamcrest-library-1.3.jar:/Users/nagarjuna/.m2/repository/org/ccil/cowan/tagsoup/tagsoup/1.2.1/tagsoup-1.2.1.jar:/Users/nagarjuna/.m2/repository/info/cukes/cucumber-java/1.2.5/cucumber-java-1.2.5.jar:/Users/nagarjuna/.m2/repository/info/cukes/cucumber-core/1.2.5/cucumber-core-1.2.5.jar:/Users/nagarjuna/.m2/repository/info/cukes/cucumber-html/0.2.3/cucumber-html-0.2.3.jar:/Users/nagarjuna/.m2/repository/info/cukes/cucumber-jvm-deps/1.0.5/cucumber-jvm-deps-1.0.5.jar:/Users/nagarjuna/.m2/repository/info/cukes/gherkin/2.12.2/gherkin-2.12.2.jar:/Users/nagarjuna/.m2/repository/io/rest-assured/json-path/3.1.1/json-path-3.1.1.jar:/Users/nagarjuna/.m2/repository/org/codehaus/groovy/groovy-json/2.4.12/groovy-json-2.4.12.jar:/Users/nagarjuna/.m2/repository/io/rest-assured/rest-assured-common/3.1.1/rest-assured-common-3.1.1.jar:/Users/nagarjuna/.m2/repository/io/rest-assured/xml-path/3.1.1/xml-path-3.1.1.jar:/Users/nagarjuna/.m2/repository/org/apache/commons/commons-lang3/3.4/commons-lang3-3.4.jar:/Users/nagarjuna/.m2/repository/javax/xml/bind/jaxb-api/2.2.12/jaxb-api-2.2.12.jar:/Users/nagarjuna/.m2/repository/io/rest-assured/json-schema-validator/3.1.1/json-schema-validator-3.1.1.jar:/Users/nagarjuna/.m2/repository/com/github/fge/json-schema-validator/2.2.6/json-schema-validator-2.2.6.jar:/Users/nagarjuna/.m2/repository/com/google/code/findbugs/jsr305/3.0.0/jsr305-3.0.0.jar:/Users/nagarjuna/.m2/repository/joda-time/joda-time/2.3/joda-time-2.3.jar:/Users/nagarjuna/.m2/repository/com/googlecode/libphonenumber/libphonenumber/6.2/libphonenumber-6.2.jar:/Users/nagarjuna/.m2/repository/com/github/fge/json-schema-core/1.2.5/json-schema-core-1.2.5.jar:/Users/nagarjuna/.m2/repository/com/github/fge/uri-template/0.9/uri-template-0.9.jar:/Users/nagarjuna/.m2/repository/com/github/fge/msg-simple/1.1/msg-simple-1.1.jar:/Users/nagarjuna/.m2/repository/com/github/fge/btf/1.2/btf-1.2.jar:/Users/nagarjuna/.m2/repository/com/google/guava/guava/16.0.1/guava-16.0.1.jar:/Users/nagarjuna/.m2/repository/com/github/fge/jackson-coreutils/1.8/jackson-coreutils-1.8.jar:/Users/nagarjuna/.m2/repository/com/fasterxml/jackson/core/jackson-databind/2.2.3/jackson-databind-2.2.3.jar:/Users/nagarjuna/.m2/repository/com/fasterxml/jackson/core/jackson-annotations/2.2.3/jackson-annotations-2.2.3.jar:/Users/nagarjuna/.m2/repository/com/fasterxml/jackson/core/jackson-core/2.2.3/jackson-core-2.2.3.jar:/Users/nagarjuna/.m2/repository/org/mozilla/rhino/1.7R4/rhino-1.7R4.jar:/Users/nagarjuna/.m2/repository/javax/mail/mailapi/1.4.3/mailapi-1.4.3.jar:/Users/nagarjuna/.m2/repository/javax/activation/activation/1.1/activation-1.1.jar:/Users/nagarjuna/.m2/repository/net/sf/jopt-simple/jopt-simple/4.6/jopt-simple-4.6.jar:/Users/nagarjuna/.m2/repository/org/testng/testng/6.8/testng-6.8.jar:/Users/nagarjuna/.m2/repository/junit/junit/4.10/junit-4.10.jar:/Users/nagarjuna/.m2/repository/org/beanshell/bsh/2.0b4/bsh-2.0b4.jar:/Users/nagarjuna/.m2/repository/com/beust/jcommander/1.27/jcommander-1.27.jar:/Users/nagarjuna/.m2/repository/org/yaml/snakeyaml/1.6/snakeyaml-1.6.jar:/Users/nagarjuna/.m2/repository/com/aventstack/extentreports/3.0.7/extentreports-3.0.7.jar:/Users/nagarjuna/.m2/repository/org/freemarker/freemarker/2.3.23/freemarker-2.3.23.jar:/Users/nagarjuna/.m2/repository/org/mongodb/mongodb-driver/3.3.0/mongodb-driver-3.3.0.jar:/Users/nagarjuna/.m2/repository/org/mongodb/bson/3.3.0/bson-3.3.0.jar:/Users/nagarjuna/.m2/repository/org/mongodb/mongodb-driver-core/3.3.0/mongodb-driver-core-3.3.0.jar:/Users/nagarjuna/.m2/repository/org/jsoup/jsoup/1.9.2/jsoup-1.9.2.jar:/Users/nagarjuna/.m2/repository/com/google/code/gson/gson/2.8.0/gson-2.8.0.jar:/Users/nagarjuna/.m2/repository/com/relevantcodes/extentreports/2.41.2/extentreports-2.41.2.jar:/Users/nagarjuna/.m2/repository/org/xerial/sqlite-jdbc/3.8.11.1/sqlite-jdbc-3.8.11.1.jar:/Users/nagarjuna/.m2/repository/info/cukes/cucumber-testng/1.2.5/cucumber-testng-1.2.5.jar:/Users/nagarjuna/.m2/repository/org/apache/poi/poi/3.7/poi-3.7.jar:/Users/nagarjuna/.m2/repository/org/apache/poi/poi-ooxml/3.17/poi-ooxml-3.17.jar:/Users/nagarjuna/.m2/repository/org/apache/poi/poi-ooxml-schemas/3.17/poi-ooxml-schemas-3.17.jar:/Users/nagarjuna/.m2/repository/org/apache/xmlbeans/xmlbeans/2.6.0/xmlbeans-2.6.0.jar:/Users/nagarjuna/.m2/repository/stax/stax-api/1.0.1/stax-api-1.0.1.jar:/Users/nagarjuna/.m2/repository/com/github/virtuald/curvesapi/1.04/curvesapi-1.04.jar:/Users/nagarjuna/.m2/repository/org/apache/maven/surefire/surefire-testng-utils/2.22.0/surefire-testng-utils-2.22.0.jar:/Users/nagarjuna/.m2/repository/org/apache/maven/surefire/surefire-grouper/2.22.0/surefire-grouper-2.22.0.jar:"/>
    <property name="java.vm.vendor" value="Oracle Corporation"/>
    <property name="sun.arch.data.model" value="64"/>
    <property name="java.vendor.url" value="http://java.oracle.com/"/>
    <property name="user.timezone" value=""/>
    <property name="user.country.format" value="IN"/>
    <property name="java.vm.specification.version" value="1.8"/>
    <property name="os.name" value="Mac OS X"/>
    <property name="user.country" value="GB"/>
    <property name="sun.java.launcher" value="SUN_STANDARD"/>
    <property name="sun.boot.library.path" value="/Library/Java/JavaVirtualMachines/jdk1.8.0_211.jdk/Contents/Home/jre/lib"/>
    <property name="sun.java.command" value="/Users/nagarjuna/Desktop/Automation-Evaluation/Restassured-WE/target/surefire/surefirebooter7286482529295045137.jar /Users/nagarjuna/Desktop/Automation-Evaluation/Restassured-WE/target/surefire 2019-10-24T11-22-44_392-jvmRun1 surefire1448829108549973126tmp surefire_06064118178839791271tmp"/>
    <property name="http.nonProxyHosts" value="local|*.local|169.254/16|*.169.254/16"/>
    <property name="surefire.test.class.path" value="/Users/nagarjuna/Desktop/Automation-Evaluation/Restassured-WE/target/test-classes:/Users/nagarjuna/Desktop/Automation-Evaluation/Restassured-WE/target/classes:/Users/nagarjuna/.m2/repository/io/rest-assured/rest-assured/3.1.1/rest-assured-3.1.1.jar:/Users/nagarjuna/.m2/repository/org/codehaus/groovy/groovy/2.4.12/groovy-2.4.12.jar:/Users/nagarjuna/.m2/repository/org/codehaus/groovy/groovy-xml/2.4.12/groovy-xml-2.4.12.jar:/Users/nagarjuna/.m2/repository/org/apache/httpcomponents/httpclient/4.5.3/httpclient-4.5.3.jar:/Users/nagarjuna/.m2/repository/org/apache/httpcomponents/httpcore/4.4.6/httpcore-4.4.6.jar:/Users/nagarjuna/.m2/repository/commons-logging/commons-logging/1.2/commons-logging-1.2.jar:/Users/nagarjuna/.m2/repository/commons-codec/commons-codec/1.9/commons-codec-1.9.jar:/Users/nagarjuna/.m2/repository/org/apache/httpcomponents/httpmime/4.5.1/httpmime-4.5.1.jar:/Users/nagarjuna/.m2/repository/org/hamcrest/hamcrest-core/1.3/hamcrest-core-1.3.jar:/Users/nagarjuna/.m2/repository/org/hamcrest/hamcrest-library/1.3/hamcrest-library-1.3.jar:/Users/nagarjuna/.m2/repository/org/ccil/cowan/tagsoup/tagsoup/1.2.1/tagsoup-1.2.1.jar:/Users/nagarjuna/.m2/repository/info/cukes/cucumber-java/1.2.5/cucumber-java-1.2.5.jar:/Users/nagarjuna/.m2/repository/info/cukes/cucumber-core/1.2.5/cucumber-core-1.2.5.jar:/Users/nagarjuna/.m2/repository/info/cukes/cucumber-html/0.2.3/cucumber-html-0.2.3.jar:/Users/nagarjuna/.m2/repository/info/cukes/cucumber-jvm-deps/1.0.5/cucumber-jvm-deps-1.0.5.jar:/Users/nagarjuna/.m2/repository/info/cukes/gherkin/2.12.2/gherkin-2.12.2.jar:/Users/nagarjuna/.m2/repository/io/rest-assured/json-path/3.1.1/json-path-3.1.1.jar:/Users/nagarjuna/.m2/repository/org/codehaus/groovy/groovy-json/2.4.12/groovy-json-2.4.12.jar:/Users/nagarjuna/.m2/repository/io/rest-assured/rest-assured-common/3.1.1/rest-assured-common-3.1.1.jar:/Users/nagarjuna/.m2/repository/io/rest-assured/xml-path/3.1.1/xml-path-3.1.1.jar:/Users/nagarjuna/.m2/repository/org/apache/commons/commons-lang3/3.4/commons-lang3-3.4.jar:/Users/nagarjuna/.m2/repository/javax/xml/bind/jaxb-api/2.2.12/jaxb-api-2.2.12.jar:/Users/nagarjuna/.m2/repository/io/rest-assured/json-schema-validator/3.1.1/json-schema-validator-3.1.1.jar:/Users/nagarjuna/.m2/repository/com/github/fge/json-schema-validator/2.2.6/json-schema-validator-2.2.6.jar:/Users/nagarjuna/.m2/repository/com/google/code/findbugs/jsr305/3.0.0/jsr305-3.0.0.jar:/Users/nagarjuna/.m2/repository/joda-time/joda-time/2.3/joda-time-2.3.jar:/Users/nagarjuna/.m2/repository/com/googlecode/libphonenumber/libphonenumber/6.2/libphonenumber-6.2.jar:/Users/nagarjuna/.m2/repository/com/github/fge/json-schema-core/1.2.5/json-schema-core-1.2.5.jar:/Users/nagarjuna/.m2/repository/com/github/fge/uri-template/0.9/uri-template-0.9.jar:/Users/nagarjuna/.m2/repository/com/github/fge/msg-simple/1.1/msg-simple-1.1.jar:/Users/nagarjuna/.m2/repository/com/github/fge/btf/1.2/btf-1.2.jar:/Users/nagarjuna/.m2/repository/com/google/guava/guava/16.0.1/guava-16.0.1.jar:/Users/nagarjuna/.m2/repository/com/github/fge/jackson-coreutils/1.8/jackson-coreutils-1.8.jar:/Users/nagarjuna/.m2/repository/com/fasterxml/jackson/core/jackson-databind/2.2.3/jackson-databind-2.2.3.jar:/Users/nagarjuna/.m2/repository/com/fasterxml/jackson/core/jackson-annotations/2.2.3/jackson-annotations-2.2.3.jar:/Users/nagarjuna/.m2/repository/com/fasterxml/jackson/core/jackson-core/2.2.3/jackson-core-2.2.3.jar:/Users/nagarjuna/.m2/repository/org/mozilla/rhino/1.7R4/rhino-1.7R4.jar:/Users/nagarjuna/.m2/repository/javax/mail/mailapi/1.4.3/mailapi-1.4.3.jar:/Users/nagarjuna/.m2/repository/javax/activation/activation/1.1/activation-1.1.jar:/Users/nagarjuna/.m2/repository/net/sf/jopt-simple/jopt-simple/4.6/jopt-simple-4.6.jar:/Users/nagarjuna/.m2/repository/org/testng/testng/6.8/testng-6.8.jar:/Users/nagarjuna/.m2/repository/junit/junit/4.10/junit-4.10.jar:/Users/nagarjuna/.m2/repository/org/beanshell/bsh/2.0b4/bsh-2.0b4.jar:/Users/nagarjuna/.m2/repository/com/beust/jcommander/1.27/jcommander-1.27.jar:/Users/nagarjuna/.m2/repository/org/yaml/snakeyaml/1.6/snakeyaml-1.6.jar:/Users/nagarjuna/.m2/repository/com/aventstack/extentreports/3.0.7/extentreports-3.0.7.jar:/Users/nagarjuna/.m2/repository/org/freemarker/freemarker/2.3.23/freemarker-2.3.23.jar:/Users/nagarjuna/.m2/repository/org/mongodb/mongodb-driver/3.3.0/mongodb-driver-3.3.0.jar:/Users/nagarjuna/.m2/repository/org/mongodb/bson/3.3.0/bson-3.3.0.jar:/Users/nagarjuna/.m2/repository/org/mongodb/mongodb-driver-core/3.3.0/mongodb-driver-core-3.3.0.jar:/Users/nagarjuna/.m2/repository/org/jsoup/jsoup/1.9.2/jsoup-1.9.2.jar:/Users/nagarjuna/.m2/repository/com/google/code/gson/gson/2.8.0/gson-2.8.0.jar:/Users/nagarjuna/.m2/repository/com/relevantcodes/extentreports/2.41.2/extentreports-2.41.2.jar:/Users/nagarjuna/.m2/repository/org/xerial/sqlite-jdbc/3.8.11.1/sqlite-jdbc-3.8.11.1.jar:/Users/nagarjuna/.m2/repository/info/cukes/cucumber-testng/1.2.5/cucumber-testng-1.2.5.jar:/Users/nagarjuna/.m2/repository/org/apache/poi/poi/3.7/poi-3.7.jar:/Users/nagarjuna/.m2/repository/org/apache/poi/poi-ooxml/3.17/poi-ooxml-3.17.jar:/Users/nagarjuna/.m2/repository/org/apache/poi/poi-ooxml-schemas/3.17/poi-ooxml-schemas-3.17.jar:/Users/nagarjuna/.m2/repository/org/apache/xmlbeans/xmlbeans/2.6.0/xmlbeans-2.6.0.jar:/Users/nagarjuna/.m2/repository/stax/stax-api/1.0.1/stax-api-1.0.1.jar:/Users/nagarjuna/.m2/repository/com/github/virtuald/curvesapi/1.04/curvesapi-1.04.jar:/Users/nagarjuna/.m2/repository/org/apache/maven/surefire/surefire-testng-utils/2.22.0/surefire-testng-utils-2.22.0.jar:/Users/nagarjuna/.m2/repository/org/apache/maven/surefire/surefire-grouper/2.22.0/surefire-grouper-2.22.0.jar:"/>
    <property name="sun.cpu.endian" value="little"/>
    <property name="user.home" value="/Users/nagarjuna"/>
    <property name="user.language" value="en"/>
    <property name="java.specification.vendor" value="Oracle Corporation"/>
    <property name="java.home" value="/Library/Java/JavaVirtualMachines/jdk1.8.0_211.jdk/Contents/Home/jre"/>
    <property name="basedir" value="/Users/nagarjuna/Desktop/Automation-Evaluation/Restassured-WE"/>
    <property name="file.separator" value="/"/>
    <property name="line.separator" value="&#10;"/>
    <property name="java.vm.specification.vendor" value="Oracle Corporation"/>
    <property name="java.specification.name" value="Java Platform API Specification"/>
    <property name="java.awt.graphicsenv" value="sun.awt.CGraphicsEnvironment"/>
    <property name="surefire.real.class.path" value="/Users/nagarjuna/Desktop/Automation-Evaluation/Restassured-WE/target/surefire/surefirebooter7286482529295045137.jar"/>
    <property name="sun.boot.class.path" value="/Library/Java/JavaVirtualMachines/jdk1.8.0_211.jdk/Contents/Home/jre/lib/resources.jar:/Library/Java/JavaVirtualMachines/jdk1.8.0_211.jdk/Contents/Home/jre/lib/rt.jar:/Library/Java/JavaVirtualMachines/jdk1.8.0_211.jdk/Contents/Home/jre/lib/sunrsasign.jar:/Library/Java/JavaVirtualMachines/jdk1.8.0_211.jdk/Contents/Home/jre/lib/jsse.jar:/Library/Java/JavaVirtualMachines/jdk1.8.0_211.jdk/Contents/Home/jre/lib/jce.jar:/Library/Java/JavaVirtualMachines/jdk1.8.0_211.jdk/Contents/Home/jre/lib/charsets.jar:/Library/Java/JavaVirtualMachines/jdk1.8.0_211.jdk/Contents/Home/jre/lib/jfr.jar:/Library/Java/JavaVirtualMachines/jdk1.8.0_211.jdk/Contents/Home/jre/classes"/>
    <property name="sun.management.compiler" value="HotSpot 64-Bit Tiered Compilers"/>
    <property name="ftp.nonProxyHosts" value="local|*.local|169.254/16|*.169.254/16"/>
    <property name="java.runtime.version" value="1.8.0_211-b12"/>
    <property name="user.name" value="nagarjuna"/>
    <property name="path.separator" value=":"/>
    <property name="os.version" value="10.14.3"/>
    <property name="java.endorsed.dirs" value="/Library/Java/JavaVirtualMachines/jdk1.8.0_211.jdk/Contents/Home/jre/lib/endorsed"/>
    <property name="java.runtime.name" value="Java(TM) SE Runtime Environment"/>
    <property name="file.encoding" value="UTF-8"/>
    <property name="java.vm.name" value="Java HotSpot(TM) 64-Bit Server VM"/>
    <property name="localRepository" value="/Users/nagarjuna/.m2/repository"/>
    <property name="java.vendor.url.bug" value="http://bugreport.sun.com/bugreport/"/>
    <property name="java.io.tmpdir" value="/var/folders/jj/zm7h32mn5h13y8lw_d69rdvc0000gn/T/"/>
    <property name="java.version" value="1.8.0_211"/>
    <property name="user.dir" value="/Users/nagarjuna/Desktop/Automation-Evaluation/Restassured-WE"/>
    <property name="os.arch" value="x86_64"/>
    <property name="java.vm.specification.name" value="Java Virtual Machine Specification"/>
    <property name="java.awt.printerjob" value="sun.lwawt.macosx.CPrinterJob"/>
    <property name="sun.os.patch.level" value="unknown"/>
    <property name="java.library.path" value="/Users/nagarjuna/Library/Java/Extensions:/Library/Java/Extensions:/Network/Library/Java/Extensions:/System/Library/Java/Extensions:/usr/lib/java:."/>
    <property name="java.vm.info" value="mixed mode"/>
    <property name="java.vendor" value="Oracle Corporation"/>
    <property name="java.vm.version" value="25.211-b12"/>
    <property name="java.ext.dirs" value="/Users/nagarjuna/Library/Java/Extensions:/Library/Java/JavaVirtualMachines/jdk1.8.0_211.jdk/Contents/Home/jre/lib/ext:/Library/Java/Extensions:/Network/Library/Java/Extensions:/System/Library/Java/Extensions:/usr/lib/java"/>
    <property name="sun.io.unicode.encoding" value="UnicodeBig"/>
    <property name="java.class.version" value="52.0"/>
    <property name="socksNonProxyHosts" value="local|*.local|169.254/16|*.169.254/16"/>
  </properties>
  <testcase name="feature" classname="TestRunner.CucumberRunner" time="3.121">
    <failure message="java.lang.AssertionError: 1 expectation failed.&#10;Expected status code &lt;200&gt; but was &lt;400&gt;.&#10;" type="cucumber.runtime.CucumberException"><![CDATA[cucumber.runtime.CucumberException: 
java.lang.AssertionError: 1 expectation failed.
Expected status code <200> but was <400>.

Caused by: java.lang.AssertionError: 
1 expectation failed.
Expected status code <200> but was <400>.

]]></failure>
    <system-out><![CDATA[
Body:
{
    "first_name": "",
    "last_name": "",
    "address_line1": "",
    "city": "",
    "state": "",
    "zip": ""
}
{
    "status": "FAIL",
    "message": "Bad Request"
}
response: {
    "status": "FAIL",
    "message": "Bad Request"
}
WE Customer Calls Summary API with  Address to get the Profile details
]]></system-out>
  </testcase>
</testsuite>